<?xml version="1.0" encoding="UTF-8"?>
<!-- Generated by org.testng.reporters.JUnitReportReporter -->
<testsuite hostname="Prasad" failures="0" tests="1" name="OrangeHRMTestRunner.OrangeHRMTestRunner" time="14.523" errors="0" timestamp="2025-10-27T15:22:56 IST" skipped="0">
  <testcase classname="OrangeHRMTestRunner.OrangeHRMTestRunner" name="runScenario" time="14.523"/>
</testsuite> <!-- OrangeHRMTestRunner.OrangeHRMTestRunner -->
